{"eventify.js":{"path":"eventify.js","s":{"1":1,"2":1,"3":0,"4":0,"5":1,"6":0,"7":1,"8":1,"9":8,"10":1,"11":8,"12":8,"13":0,"14":8,"15":16,"16":8,"17":1,"18":1,"19":1,"20":16,"21":16,"22":16,"23":16,"24":16,"25":17,"26":0,"27":17,"28":0,"29":17,"30":1,"31":1,"32":1,"33":0,"34":1,"35":1,"36":1,"37":4,"38":4,"39":1,"40":1,"41":1,"42":1,"43":0,"44":1,"45":4,"46":1,"47":1,"48":1,"49":1,"50":1,"51":1,"52":1,"53":1},"b":{"1":[0,1],"2":[1,0],"3":[0,1],"4":[1,0],"5":[0,8],"6":[8,8,0],"7":[16,9],"8":[1,0],"9":[16,9],"10":[16,0],"11":[0,17],"12":[17,17],"13":[0,17],"14":[0,1],"15":[1,1],"16":[0,1],"17":[1,1]},"f":{"1":1,"2":0,"3":1,"4":8,"5":8,"6":1,"7":16,"8":17,"9":1,"10":1,"11":1,"12":1},"fnMap":{"1":{"name":"(anonymous_1)","line":7,"loc":{"start":{"line":7,"column":1},"end":{"line":7,"column":20}}},"2":{"name":"(anonymous_2)","line":15,"loc":{"start":{"line":15,"column":11},"end":{"line":15,"column":22}}},"3":{"name":"(anonymous_3)","line":30,"loc":{"start":{"line":30,"column":2},"end":{"line":30,"column":13}}},"4":{"name":"Eventify","line":36,"loc":{"start":{"line":36,"column":2},"end":{"line":36,"column":22}}},"5":{"name":"(anonymous_5)","line":45,"loc":{"start":{"line":45,"column":8},"end":{"line":45,"column":43}}},"6":{"name":"(anonymous_6)","line":65,"loc":{"start":{"line":65,"column":9},"end":{"line":65,"column":25}}},"7":{"name":"(anonymous_7)","line":70,"loc":{"start":{"line":70,"column":13},"end":{"line":70,"column":29}}},"8":{"name":"(anonymous_8)","line":79,"loc":{"start":{"line":79,"column":13},"end":{"line":79,"column":29}}},"9":{"name":"(anonymous_9)","line":90,"loc":{"start":{"line":90,"column":33},"end":{"line":90,"column":44}}},"10":{"name":"(anonymous_10)","line":107,"loc":{"start":{"line":107,"column":35},"end":{"line":107,"column":49}}},"11":{"name":"(anonymous_11)","line":115,"loc":{"start":{"line":115,"column":37},"end":{"line":115,"column":51}}},"12":{"name":"(anonymous_12)","line":121,"loc":{"start":{"line":121,"column":31},"end":{"line":121,"column":45}}}},"statementMap":{"1":{"start":{"line":7,"column":0},"end":{"line":132,"column":6}},"2":{"start":{"line":14,"column":2},"end":{"line":28,"column":3}},"3":{"start":{"line":15,"column":4},"end":{"line":17,"column":7}},"4":{"start":{"line":16,"column":6},"end":{"line":16,"column":22}},"5":{"start":{"line":21,"column":7},"end":{"line":28,"column":3}},"6":{"start":{"line":22,"column":4},"end":{"line":22,"column":30}},"7":{"start":{"line":27,"column":4},"end":{"line":27,"column":31}},"8":{"start":{"line":36,"column":2},"end":{"line":38,"column":3}},"9":{"start":{"line":37,"column":4},"end":{"line":37,"column":21}},"10":{"start":{"line":42,"column":2},"end":{"line":84,"column":4}},"11":{"start":{"line":52,"column":6},"end":{"line":54,"column":25}},"12":{"start":{"line":55,"column":6},"end":{"line":55,"column":145}},"13":{"start":{"line":55,"column":97},"end":{"line":55,"column":145}},"14":{"start":{"line":56,"column":6},"end":{"line":61,"column":7}},"15":{"start":{"line":57,"column":8},"end":{"line":60,"column":10}},"16":{"start":{"line":62,"column":6},"end":{"line":62,"column":18}},"17":{"start":{"line":66,"column":6},"end":{"line":66,"column":57}},"18":{"start":{"line":66,"column":31},"end":{"line":66,"column":57}},"19":{"start":{"line":67,"column":6},"end":{"line":67,"column":18}},"20":{"start":{"line":71,"column":6},"end":{"line":73,"column":55}},"21":{"start":{"line":74,"column":6},"end":{"line":74,"column":23}},"22":{"start":{"line":75,"column":6},"end":{"line":75,"column":69}},"23":{"start":{"line":75,"column":31},"end":{"line":75,"column":69}},"24":{"start":{"line":76,"column":6},"end":{"line":76,"column":18}},"25":{"start":{"line":80,"column":6},"end":{"line":80,"column":70}},"26":{"start":{"line":80,"column":57},"end":{"line":80,"column":70}},"27":{"start":{"line":81,"column":6},"end":{"line":81,"column":44}},"28":{"start":{"line":81,"column":31},"end":{"line":81,"column":44}},"29":{"start":{"line":82,"column":6},"end":{"line":82,"column":18}},"30":{"start":{"line":90,"column":2},"end":{"line":104,"column":4}},"31":{"start":{"line":91,"column":4},"end":{"line":92,"column":30}},"32":{"start":{"line":93,"column":4},"end":{"line":93,"column":49}},"33":{"start":{"line":93,"column":39},"end":{"line":93,"column":49}},"34":{"start":{"line":94,"column":4},"end":{"line":102,"column":5}},"35":{"start":{"line":95,"column":6},"end":{"line":97,"column":29}},"36":{"start":{"line":98,"column":6},"end":{"line":101,"column":7}},"37":{"start":{"line":99,"column":8},"end":{"line":99,"column":31}},"38":{"start":{"line":100,"column":8},"end":{"line":100,"column":34}},"39":{"start":{"line":103,"column":4},"end":{"line":103,"column":18}},"40":{"start":{"line":107,"column":2},"end":{"line":112,"column":4}},"41":{"start":{"line":108,"column":4},"end":{"line":108,"column":18}},"42":{"start":{"line":109,"column":4},"end":{"line":109,"column":36}},"43":{"start":{"line":109,"column":24},"end":{"line":109,"column":36}},"44":{"start":{"line":110,"column":4},"end":{"line":110,"column":44}},"45":{"start":{"line":110,"column":27},"end":{"line":110,"column":42}},"46":{"start":{"line":111,"column":4},"end":{"line":111,"column":16}},"47":{"start":{"line":115,"column":2},"end":{"line":117,"column":4}},"48":{"start":{"line":116,"column":4},"end":{"line":116,"column":44}},"49":{"start":{"line":121,"column":2},"end":{"line":123,"column":4}},"50":{"start":{"line":122,"column":4},"end":{"line":122,"column":36}},"51":{"start":{"line":126,"column":2},"end":{"line":126,"column":19}},"52":{"start":{"line":129,"column":2},"end":{"line":129,"column":29}},"53":{"start":{"line":131,"column":2},"end":{"line":131,"column":18}}},"branchMap":{"1":{"line":14,"type":"if","locations":[{"start":{"line":14,"column":2},"end":{"line":14,"column":2}},{"start":{"line":14,"column":2},"end":{"line":14,"column":2}}]},"2":{"line":14,"type":"binary-expr","locations":[{"start":{"line":14,"column":6},"end":{"line":14,"column":34}},{"start":{"line":14,"column":38},"end":{"line":14,"column":48}}]},"3":{"line":21,"type":"if","locations":[{"start":{"line":21,"column":7},"end":{"line":21,"column":7}},{"start":{"line":21,"column":7},"end":{"line":21,"column":7}}]},"4":{"line":21,"type":"binary-expr","locations":[{"start":{"line":21,"column":11},"end":{"line":21,"column":40}},{"start":{"line":21,"column":44},"end":{"line":21,"column":58}}]},"5":{"line":55,"type":"if","locations":[{"start":{"line":55,"column":6},"end":{"line":55,"column":6}},{"start":{"line":55,"column":6},"end":{"line":55,"column":6}}]},"6":{"line":55,"type":"binary-expr","locations":[{"start":{"line":55,"column":11},"end":{"line":55,"column":36}},{"start":{"line":55,"column":40},"end":{"line":55,"column":70}},{"start":{"line":55,"column":75},"end":{"line":55,"column":95}}]},"7":{"line":58,"type":"binary-expr","locations":[{"start":{"line":58,"column":19},"end":{"line":58,"column":26}},{"start":{"line":58,"column":30},"end":{"line":58,"column":35}}]},"8":{"line":66,"type":"if","locations":[{"start":{"line":66,"column":6},"end":{"line":66,"column":6}},{"start":{"line":66,"column":6},"end":{"line":66,"column":6}}]},"9":{"line":72,"type":"binary-expr","locations":[{"start":{"line":72,"column":20},"end":{"line":72,"column":35}},{"start":{"line":72,"column":39},"end":{"line":72,"column":43}}]},"10":{"line":75,"type":"if","locations":[{"start":{"line":75,"column":6},"end":{"line":75,"column":6}},{"start":{"line":75,"column":6},"end":{"line":75,"column":6}}]},"11":{"line":80,"type":"if","locations":[{"start":{"line":80,"column":6},"end":{"line":80,"column":6}},{"start":{"line":80,"column":6},"end":{"line":80,"column":6}}]},"12":{"line":80,"type":"binary-expr","locations":[{"start":{"line":80,"column":10},"end":{"line":80,"column":35}},{"start":{"line":80,"column":39},"end":{"line":80,"column":55}}]},"13":{"line":81,"type":"if","locations":[{"start":{"line":81,"column":6},"end":{"line":81,"column":6}},{"start":{"line":81,"column":6},"end":{"line":81,"column":6}}]},"14":{"line":93,"type":"if","locations":[{"start":{"line":93,"column":4},"end":{"line":93,"column":4}},{"start":{"line":93,"column":4},"end":{"line":93,"column":4}}]},"15":{"line":93,"type":"binary-expr","locations":[{"start":{"line":93,"column":8},"end":{"line":93,"column":16}},{"start":{"line":93,"column":20},"end":{"line":93,"column":37}}]},"16":{"line":109,"type":"if","locations":[{"start":{"line":109,"column":4},"end":{"line":109,"column":4}},{"start":{"line":109,"column":4},"end":{"line":109,"column":4}}]},"17":{"line":116,"type":"binary-expr","locations":[{"start":{"line":116,"column":11},"end":{"line":116,"column":34}},{"start":{"line":116,"column":38},"end":{"line":116,"column":43}}]}}}}