TN:
SF:eventify.js
FN:7,(anonymous_1)
FN:15,(anonymous_2)
FN:30,(anonymous_3)
FN:36,Eventify
FN:45,(anonymous_5)
FN:65,(anonymous_6)
FN:70,(anonymous_7)
FN:79,(anonymous_8)
FN:90,(anonymous_9)
FN:107,(anonymous_10)
FN:115,(anonymous_11)
FN:121,(anonymous_12)
FNF:12
FNH:11
FNDA:1,(anonymous_1)
FNDA:0,(anonymous_2)
FNDA:1,(anonymous_3)
FNDA:8,Eventify
FNDA:8,(anonymous_5)
FNDA:1,(anonymous_6)
FNDA:16,(anonymous_7)
FNDA:17,(anonymous_8)
FNDA:1,(anonymous_9)
FNDA:1,(anonymous_10)
FNDA:1,(anonymous_11)
FNDA:1,(anonymous_12)
DA:7,1
DA:14,1
DA:15,0
DA:16,0
DA:21,1
DA:22,0
DA:27,1
DA:36,1
DA:37,8
DA:42,1
DA:52,8
DA:55,8
DA:56,8
DA:57,16
DA:62,8
DA:66,1
DA:67,1
DA:71,16
DA:74,16
DA:75,16
DA:76,16
DA:80,17
DA:81,17
DA:82,17
DA:90,1
DA:91,1
DA:93,1
DA:94,1
DA:95,1
DA:98,1
DA:99,4
DA:100,4
DA:103,1
DA:107,1
DA:108,1
DA:109,1
DA:110,4
DA:111,1
DA:115,1
DA:116,1
DA:121,1
DA:122,1
DA:126,1
DA:129,1
DA:131,1
LF:45
LH:42
BRDA:14,1,0,0
BRDA:14,1,1,1
BRDA:14,2,0,1
BRDA:14,2,1,0
BRDA:21,3,0,0
BRDA:21,3,1,1
BRDA:21,4,0,1
BRDA:21,4,1,0
BRDA:55,5,0,0
BRDA:55,5,1,8
BRDA:55,6,0,8
BRDA:55,6,1,8
BRDA:55,6,2,0
BRDA:58,7,0,16
BRDA:58,7,1,9
BRDA:66,8,0,1
BRDA:66,8,1,0
BRDA:72,9,0,16
BRDA:72,9,1,9
BRDA:75,10,0,16
BRDA:75,10,1,0
BRDA:80,11,0,0
BRDA:80,11,1,17
BRDA:80,12,0,17
BRDA:80,12,1,17
BRDA:81,13,0,0
BRDA:81,13,1,17
BRDA:93,14,0,0
BRDA:93,14,1,1
BRDA:93,15,0,1
BRDA:93,15,1,1
BRDA:109,16,0,0
BRDA:109,16,1,1
BRDA:116,17,0,1
BRDA:116,17,1,1
BRF:35
BRH:23
end_of_record
